2018-06-27 16:39:03 INFO  main [mainwindow.cpp:80] Mitsuba version 0.5.0 (Windows, 64 bit), Copyright (c) 2014 Wenzel Jakob
2018-06-27 16:39:03 INFO  main [mainwindow.cpp:83] Configured for RGB-based rendering
2018-06-27 16:39:04 DEBUG main [WGLSession] Initializing WGL session
2018-06-27 16:39:04 DEBUG main [WGLRenderer] Using an existing WGL context
2018-06-27 16:39:04 DEBUG main [GLRenderer] OpenGL renderer : GeForce GPU/PCIe/SSE2
2018-06-27 16:39:04 DEBUG main [GLRenderer] OpenGL vendor   : NVIDIA Corporation
2018-06-27 16:39:04 DEBUG main [GLRenderer] OpenGL version  : 4.6.0 NVIDIA 388.08
2018-06-27 16:39:04 DEBUG main [GLRenderer] Capabilities: Framebuffers objects are supported.
2018-06-27 16:39:04 DEBUG main [GLRenderer] Capabilities: GLSL is supported.
2018-06-27 16:39:04 DEBUG main [GLRenderer] Capabilities: Floating point textures are supported.
2018-06-27 16:39:04 DEBUG main [GLRenderer] Capabilities: Floating point color buffers are supported.
2018-06-27 16:39:04 DEBUG main [GLRenderer] Capabilities: Fast buffer blitting is supported.
2018-06-27 16:39:04 DEBUG main [GLRenderer] Capabilities: Multisample framebuffer objects are supported.
2018-06-27 16:39:04 DEBUG main [GLRenderer] Capabilities: Vertex buffer objects are supported.
2018-06-27 16:39:04 DEBUG main [GLRenderer] Capabilities: Geometry shaders are supported.
2018-06-27 16:39:04 DEBUG main [GLRenderer] Capabilities: Custom texture filtering is supported.
2018-06-27 16:39:04 DEBUG main [GLRenderer] Capabilities: Synchronization objects are supported.
2018-06-27 16:39:04 DEBUG main [GLRenderer] Capabilities: Bindless rendering is supported.
2018-06-27 16:39:04 DEBUG main [Thread] Spawning thread "prvw"
2018-06-27 16:39:04 DEBUG prvw [WGLDevice] Initializing WGL device
2018-06-27 16:39:04 DEBUG prvw [WGLRenderer] Initializing WGL renderer
2018-06-27 16:39:04 DEBUG prvw [GLProgram] Uploading a GPU program : GPUProgram[name = 'Accumulation program']
2018-06-27 16:39:04 DEBUG prvw [GLProgram] Uploading a GPU program : GPUProgram[name = 'Directional shadow map generator']
2018-06-27 16:39:04 DEBUG prvw [GLProgram] Uploading a GPU program : GPUProgram[name = 'Paraboloid shadow map generator', maxVertices=4]
2018-06-27 16:39:04 DEBUG prvw [GLProgram] Uploading a GPU program : GPUProgram[name = 'Cube/Hemicube shadow map generator (5/6 pass version)']
2018-06-27 16:39:04 DEBUG prvw [GLProgram] Uploading a GPU program : GPUProgram[name = 'Cube shadow map generator (1 pass version)', maxVertices=18]
2018-06-27 16:39:04 DEBUG prvw [GLProgram] Uploading a GPU program : GPUProgram[name = 'Hemicube shadow map generator (1 pass version)', maxVertices=15]
2018-06-27 16:39:04 DEBUG main [GLProgram] Uploading a GPU program : GPUProgram[name = 'Tonemapper [Gamma]']
2018-06-27 16:39:04 DEBUG main [GLProgram] Uploading a GPU program : GPUProgram[name = 'Tonemapper [Reinhard et al. 2002]']
2018-06-27 16:39:04 DEBUG main [GLProgram] Uploading a GPU program : GPUProgram[name = 'Downsampling program']
2018-06-27 16:39:04 DEBUG main [GLProgram] Uploading a GPU program : GPUProgram[name = 'Log-luminance program']
2018-06-27 16:39:05 DEBUG main [Thread] Spawning thread "wrk0"
2018-06-27 16:39:05 DEBUG main [Thread] Spawning thread "wrk1"
2018-06-27 16:39:05 DEBUG main [Thread] Spawning thread "wrk2"
2018-06-27 16:39:05 DEBUG main [Thread] Spawning thread "wrk3"
2018-06-27 16:40:27 DEBUG prvw [GLProgram] Freeing GPU program "Directional shadow map generator"
2018-06-27 16:40:27 DEBUG prvw [GLProgram] Freeing GPU program "Paraboloid shadow map generator"
2018-06-27 16:40:27 DEBUG prvw [GLProgram] Freeing GPU program "Cube/Hemicube shadow map generator (5/6 pass version)"
2018-06-27 16:40:27 DEBUG prvw [GLProgram] Freeing GPU program "Cube shadow map generator (1 pass version)"
2018-06-27 16:40:27 DEBUG prvw [GLProgram] Freeing GPU program "Hemicube shadow map generator (1 pass version)"
2018-06-27 16:40:27 DEBUG prvw [GLProgram] Freeing GPU program "Accumulation program"
2018-06-27 16:40:27 DEBUG prvw [WGLRenderer] Shutting down WGL Renderer
2018-06-27 16:40:27 DEBUG prvw [WGLDevice] Shutting down WGL device
2018-06-27 16:40:27 DEBUG prvw [Thread] Thread "prvw" has finished
2018-06-27 16:40:27 DEBUG wrk3 [Thread] Thread "wrk3" has finished
2018-06-27 16:40:27 DEBUG wrk2 [Thread] Thread "wrk2" has finished
2018-06-27 16:40:27 DEBUG wrk0 [Thread] Thread "wrk0" has finished
2018-06-27 16:40:27 DEBUG wrk1 [Thread] Thread "wrk1" has finished
2018-06-27 16:40:27 DEBUG main [GLProgram] Freeing GPU program "Log-luminance program"
2018-06-27 16:40:27 DEBUG main [GLProgram] Freeing GPU program "Downsampling program"
2018-06-27 16:40:27 DEBUG main [GLProgram] Freeing GPU program "Tonemapper [Reinhard et al. 2002]"
2018-06-27 16:40:27 DEBUG main [GLProgram] Freeing GPU program "Tonemapper [Gamma]"
2018-06-27 16:40:27 DEBUG main [WGLSession] Shutting down WGL session
2018-06-27 16:40:27 INFO  main [statistics.cpp:142] Statistics:
------------------------------------------------------------
 * Loaded plugins :
     none.
 * Statistics:
     none.
------------------------------------------------------------
